ID: 1969, Name: Daily Maguuma Jungle Miner
ID: 1938, Name: Daily Ascalon Vista Viewer
ID: 1942, Name: Daily Straits of Devastation Event Completer
ID: 1951, Name: Daily Metrica Province Event Completer
ID: 1898, Name: Daily Spelunker's Delve Jumping Puzzle
ID: 3888, Name: Daily Desert Miner
ID: 1978, Name: Daily Maguuma Wastes Miner
ID: 1984, Name: Daily Shiverpeaks Miner
ID: 1937, Name: Daily Maguuma Wastes Vista Viewer
ID: 1839, Name: Daily Kryta Vista Viewer
ID: 2968, Name: Daily Tangled Depths Event Completer
ID: 1963, Name: Daily Queensdale Event Completer
ID: 1916, Name: Daily Tribulation Rift Jumping Puzzle
ID: 1895, Name: Daily Shaman's Rookery Jumping Puzzle
ID: 1973, Name: Daily Maguuma Jungle Forager
ID: 1932, Name: Daily Orr Vista Viewer
ID: 1931, Name: Daily Maguuma Vista Viewer
ID: 1953, Name: Daily Wayfarer Foothills Event Completer
ID: 1912, Name: Daily Spekks's Lab Jumping Puzzle
ID: 1971, Name: Daily Kryta Miner
ID: 3779, Name: Daily Desolation Bounty Hunter
ID: 2945, Name: Daily Verdant Brink Event Completer
ID: 1889, Name: Daily Urmaug's Secret Jumping Puzzle
